{"Name":"WorkerQueueManagement","HostName":"CCASERGIOCP","ApiKey":"N/A","Uri":"N/A","ResponseCode":0,"ResponseTime":393,"Ip":null,"Level":10,"Message":"Iniciando servicio de consola Worker","DateTime":"2023-03-09 02:54:56","Version":"v1"}
{"Name":"WorkerQueueManagement","HostName":"CCASERGIOCP","ApiKey":"N/A","Uri":"N/A","ResponseCode":0,"ResponseTime":71,"Ip":null,"Level":10,"Message":"Iniciando servicio de consola Worker","DateTime":"2023-03-09 03:17:22","Version":"v1"}
{"Name":"WorkerQueueManagement","HostName":"CCASERGIOCP","ApiKey":"N/A","Uri":"N/A","ResponseCode":0,"ResponseTime":148,"Ip":null,"Level":10,"Message":"Iniciando servicio de consola Worker","DateTime":"2023-03-09 03:20:01","Version":"v1"}
{"Name":"WorkerQueueManagement","HostName":"CCASERGIOCP","ApiKey":"N/A","Uri":"N/A","ResponseCode":201,"ResponseTime":454,"Ip":null,"Level":20,"Message":"Se registro la solicitud con el numero de expediente 0","DateTime":"2023-03-09 03:20:20","Version":"v1"}
{"Name":"WorkerQueueManagement","HostName":"CCASERGIOCP","ApiKey":"N/A","Uri":"N/A","ResponseCode":201,"ResponseTime":470,"Ip":null,"Level":20,"Message":"Se registro la solicitud con el numero de expediente EXP-20230008","DateTime":"2023-03-09 03:22:59","Version":"v1"}
{"Name":"WorkerQueueManagement","HostName":"CCASERGIOCP","ApiKey":"N/A","Uri":"N/A","ResponseCode":201,"ResponseTime":83,"Ip":null,"Level":20,"Message":"Se registro la solicitud con el numero de expediente EXP-20230009","DateTime":"2023-03-09 03:23:54","Version":"v1"}
{"Name":"WorkerQueueManagement","HostName":"CCASERGIOCP","ApiKey":"N/A","Uri":"N/A","ResponseCode":0,"ResponseTime":414,"Ip":null,"Level":10,"Message":"Iniciando servicio de consola Worker","DateTime":"2023-03-09 05:24:04","Version":"v1"}
{"Name":"WorkerQueueManagement","HostName":"CCASERGIOCP","ApiKey":"N/A","Uri":"N/A","ResponseCode":201,"ResponseTime":728,"Ip":null,"Level":20,"Message":"Se registro la solicitud con el numero de expediente EXP-20230010","DateTime":"2023-03-09 05:24:32","Version":"v1"}
{"Name":"WorkerQueueManagement","HostName":"CCASERGIOCP","ApiKey":"N/A","Uri":"N/A","ResponseCode":0,"ResponseTime":493,"Ip":null,"Level":10,"Message":"Iniciando servicio de consola Worker","DateTime":"2023-04-18 04:50:25","Version":"v1"}
{"Name":"WorkerQueueManagement","HostName":"CCASERGIOCP","ApiKey":"N/A","Uri":"N/A","ResponseCode":0,"ResponseTime":608,"Ip":null,"Level":10,"Message":"Iniciando servicio de consola Worker","DateTime":"2023-06-22 07:05:25","Version":"v1"}
{"Name":"WorkerQueueManagement","HostName":"CCASERGIOCP","ApiKey":"N/A","Uri":"N/A","ResponseCode":201,"ResponseTime":41,"Ip":null,"Level":20,"Message":"Se registro la solicitud con el numero de expediente EXP-20230011","DateTime":"2023-06-22 07:05:28","Version":"v1"}
{"Name":"WorkerQueueManagement","HostName":"CCASERGIOCP","ApiKey":"N/A","Uri":"N/A","ResponseCode":201,"ResponseTime":824,"Ip":null,"Level":20,"Message":"Se registro la solicitud con el numero de expediente EXP-20230012","DateTime":"2023-06-22 07:07:29","Version":"v1"}
{"Name":"WorkerQueueManagement","HostName":"CCASERGIOCP","ApiKey":"N/A","Uri":"N/A","ResponseCode":0,"ResponseTime":83,"Ip":null,"Level":10,"Message":"Iniciando servicio de consola Worker","DateTime":"2023-06-27 06:11:33","Version":"v1"}
{"Name":"WorkerQueueManagement","HostName":"CCASERGIOCP","ApiKey":"N/A","Uri":"N/A","ResponseCode":0,"ResponseTime":451,"Ip":null,"Level":10,"Message":"Iniciando servicio de consola Worker","DateTime":"2023-06-27 06:22:47","Version":"v1"}
{"Name":"WorkerQueueManagement","HostName":"CCASERGIOCP","ApiKey":"N/A","Uri":"N/A","ResponseCode":0,"ResponseTime":612,"Ip":null,"Level":10,"Message":"Iniciando servicio de consola Worker","DateTime":"2023-06-27 06:23:22","Version":"v1"}
{"Name":"WorkerQueueManagement","HostName":"CCASERGIOCP","ApiKey":"N/A","Uri":"N/A","ResponseCode":0,"ResponseTime":287,"Ip":null,"Level":10,"Message":"Iniciando servicio de consola Worker","DateTime":"2023-06-27 06:24:57","Version":"v1"}
{"Name":"WorkerQueueManagement","HostName":"CCASERGIOCP","ApiKey":"N/A","Uri":"N/A","ResponseCode":0,"ResponseTime":752,"Ip":null,"Level":10,"Message":"Iniciando servicio de consola Worker","DateTime":"2023-06-27 06:37:15","Version":"v1"}
{"Name":"WorkerQueueManagement","HostName":"CCASERGIOCP","ApiKey":"N/A","Uri":"N/A","ResponseCode":0,"ResponseTime":186,"Ip":null,"Level":10,"Message":"Iniciando servicio de consola Worker","DateTime":"2023-06-27 06:52:19","Version":"v1"}
{"Name":"WorkerQueueManagement","HostName":"CCASERGIOCP","ApiKey":"N/A","Uri":"N/A","ResponseCode":0,"ResponseTime":883,"Ip":null,"Level":10,"Message":"Iniciando servicio de consola Worker","DateTime":"2023-06-27 06:55:25","Version":"v1"}
{"Name":"WorkerQueueManagement","HostName":"CCASERGIOCP","ApiKey":"N/A","Uri":"N/A","ResponseCode":0,"ResponseTime":358,"Ip":null,"Level":10,"Message":"Iniciando servicio de consola Worker","DateTime":"2023-06-27 06:59:17","Version":"v1"}
{"Name":"WorkerQueueManagement","HostName":"CCASERGIOCP","ApiKey":"N/A","Uri":"N/A","ResponseCode":0,"ResponseTime":74,"Ip":null,"Level":10,"Message":"Iniciando servicio de consola Worker","DateTime":"2023-06-27 07:02:16","Version":"v1"}
{"Name":"WorkerQueueManagement","HostName":"CCASERGIOCP","ApiKey":"N/A","Uri":"N/A","ResponseCode":201,"ResponseTime":173,"Ip":null,"Level":20,"Message":"Se registro la solicitud con el n\u00FAmero de carne 20230002","DateTime":"2023-06-27 07:04:06","Version":"v1"}
{"Name":"WorkerQueueManagement","HostName":"CCASERGIOCP","ApiKey":"N/A","Uri":"N/A","ResponseCode":0,"ResponseTime":249,"Ip":null,"Level":10,"Message":"Iniciando servicio de consola Worker","DateTime":"2023-06-27 08:34:31","Version":"v1"}
{"Name":"WorkerQueueManagement","HostName":"CCASERGIOCP","ApiKey":"N/A","Uri":"N/A","ResponseCode":201,"ResponseTime":456,"Ip":null,"Level":20,"Message":"Se registro la solicitud con el numero de expediente EXP-20230013","DateTime":"2023-06-27 08:40:01","Version":"v1"}
{"Name":"WorkerQueueManagement","HostName":"CCASERGIOCP","ApiKey":"N/A","Uri":"N/A","ResponseCode":201,"ResponseTime":252,"Ip":null,"Level":20,"Message":"Se registro la solicitud con el n\u00FAmero de carne 20230003","DateTime":"2023-06-27 08:40:36","Version":"v1"}
{"Name":"WorkerQueueManagement","HostName":"CCASERGIOCP","ApiKey":"N/A","Uri":"N/A","ResponseCode":0,"ResponseTime":318,"Ip":null,"Level":10,"Message":"Iniciando servicio de consola Worker","DateTime":"2023-07-04 05:26:22","Version":"v1"}
{"Name":"WorkerQueueManagement","HostName":"CCASERGIOCP","ApiKey":"N/A","Uri":"N/A","ResponseCode":0,"ResponseTime":438,"Ip":null,"Level":10,"Message":"Iniciando servicio de consola Worker","DateTime":"2023-07-04 05:33:15","Version":"v1"}
{"Name":"WorkerQueueManagement","HostName":"CCASERGIOCP","ApiKey":"N/A","Uri":"N/A","ResponseCode":0,"ResponseTime":785,"Ip":null,"Level":10,"Message":"Iniciando servicio de consola Worker","DateTime":"2023-07-05 10:23:05","Version":"v1"}
{"Name":"WorkerQueueManagement","HostName":"CCASERGIOCP","ApiKey":"N/A","Uri":"N/A","ResponseCode":0,"ResponseTime":917,"Ip":null,"Level":10,"Message":"Iniciando servicio de consola Worker","DateTime":"2023-07-06 05:19:33","Version":"v1"}
{"Name":"WorkerQueueManagement","HostName":"CCASERGIOCP","ApiKey":"N/A","Uri":"N/A","ResponseCode":0,"ResponseTime":962,"Ip":null,"Level":10,"Message":"Iniciando servicio de consola Worker","DateTime":"2023-07-06 10:46:34","Version":"v1"}
{"Name":"WorkerQueueManagement","HostName":"CCASERGIOCP","ApiKey":"N/A","Uri":"N/A","ResponseCode":0,"ResponseTime":370,"Ip":null,"Level":10,"Message":"Iniciando servicio de consola Worker","DateTime":"2023-07-06 11:05:08","Version":"v1"}
{"Name":"WorkerQueueManagement","HostName":"CCASERGIOCP","ApiKey":"N/A","Uri":"N/A","ResponseCode":0,"ResponseTime":295,"Ip":null,"Level":10,"Message":"Iniciando servicio de consola Worker","DateTime":"2023-07-11 02:40:01","Version":"v1"}
{"Name":"WorkerQueueManagement","HostName":"CCASERGIOCP","ApiKey":"N/A","Uri":"N/A","ResponseCode":0,"ResponseTime":502,"Ip":null,"Level":10,"Message":"Iniciando servicio de consola Worker","DateTime":"2023-07-13 03:01:14","Version":"v1"}
{"Name":"WorkerQueueManagement","HostName":"CCASERGIOCP","ApiKey":"N/A","Uri":"N/A","ResponseCode":0,"ResponseTime":69,"Ip":null,"Level":10,"Message":"Iniciando servicio de consola Worker","DateTime":"2023-07-18 06:05:35","Version":"v1"}
{"Name":"WorkerQueueManagement","HostName":"CCASERGIOCP","ApiKey":"N/A","Uri":"N/A","ResponseCode":201,"ResponseTime":248,"Ip":null,"Level":20,"Message":"Se registro la solicitud con el n\u00FAmero de carne 20230004","DateTime":"2023-07-18 06:31:35","Version":"v1"}
{"Name":"WorkerQueueManagement","HostName":"CCASERGIOCP","ApiKey":"N/A","Uri":"N/A","ResponseCode":0,"ResponseTime":964,"Ip":null,"Level":10,"Message":"Iniciando servicio de consola Worker","DateTime":"2023-07-27 06:00:26","Version":"v1"}
{"Name":"WorkerQueueManagement","HostName":"CCASERGIOCP","ApiKey":"N/A","Uri":"N/A","ResponseCode":0,"ResponseTime":780,"Ip":null,"Level":10,"Message":"Iniciando servicio de consola Worker","DateTime":"2023-08-01 04:10:36","Version":"v1"}
{"Name":"WorkerQueueManagement","HostName":"CCASERGIOCP","ApiKey":"N/A","Uri":"N/A","ResponseCode":0,"ResponseTime":356,"Ip":null,"Level":10,"Message":"Iniciando servicio de consola Worker","DateTime":"2023-08-02 02:46:00","Version":"v1"}
{"Name":"WorkerQueueManagement","HostName":"CCASERGIOCP","ApiKey":"N/A","Uri":"N/A","ResponseCode":0,"ResponseTime":250,"Ip":null,"Level":10,"Message":"Iniciando servicio de consola Worker","DateTime":"2023-08-06 10:11:14","Version":"v1"}
{"Name":"WorkerQueueManagement","HostName":"CCASERGIOCP","ApiKey":"N/A","Uri":"N/A","ResponseCode":0,"ResponseTime":56,"Ip":null,"Level":10,"Message":"Iniciando servicio de consola Worker","DateTime":"2023-08-06 04:22:20","Version":"v1"}
{"Name":"WorkerQueueManagement","HostName":"CCASERGIOCP","ApiKey":"N/A","Uri":"N/A","ResponseCode":0,"ResponseTime":758,"Ip":null,"Level":10,"Message":"Iniciando servicio de consola Worker","DateTime":"2023-08-09 08:57:40","Version":"v1"}
{"Name":"WorkerQueueManagement","HostName":"CCASERGIOCP","ApiKey":"N/A","Uri":"N/A","ResponseCode":0,"ResponseTime":560,"Ip":null,"Level":10,"Message":"Iniciando servicio de consola Worker","DateTime":"2023-08-09 10:08:42","Version":"v1"}
{"Name":"WorkerQueueManagement","HostName":"CCASERGIOCP","ApiKey":"N/A","Uri":"N/A","ResponseCode":201,"ResponseTime":821,"Ip":null,"Level":20,"Message":"Se registro la solicitud con el n\u00FAmero de carne 20230001","DateTime":"2023-08-09 10:08:45","Version":"v1"}
{"Name":"WorkerQueueManagement","HostName":"CCASERGIOCP","ApiKey":"N/A","Uri":"N/A","ResponseCode":0,"ResponseTime":49,"Ip":null,"Level":10,"Message":"Iniciando servicio de consola Worker","DateTime":"2023-08-09 10:17:37","Version":"v1"}
{"Name":"WorkerQueueManagement","HostName":"CCASERGIOCP","ApiKey":"N/A","Uri":"N/A","ResponseCode":0,"ResponseTime":479,"Ip":null,"Level":10,"Message":"Iniciando servicio de consola Worker","DateTime":"2023-08-09 10:28:15","Version":"v1"}
{"Name":"WorkerQueueManagement","HostName":"CCASERGIOCP","ApiKey":"N/A","Uri":"N/A","ResponseCode":0,"ResponseTime":927,"Ip":null,"Level":10,"Message":"Iniciando servicio de consola Worker","DateTime":"2023-08-09 10:29:27","Version":"v1"}
{"Name":"WorkerQueueManagement","HostName":"CCASERGIOCP","ApiKey":"N/A","Uri":"N/A","ResponseCode":201,"ResponseTime":864,"Ip":null,"Level":20,"Message":"Se registro la solicitud con el n\u00FAmero de expediente EXP-20230002","DateTime":"2023-08-09 10:30:33","Version":"v1"}
{"Name":"WorkerQueueManagement","HostName":"CCASERGIOCP","ApiKey":"N/A","Uri":"N/A","ResponseCode":0,"ResponseTime":936,"Ip":null,"Level":10,"Message":"Iniciando servicio de consola Worker","DateTime":"2023-08-09 10:50:16","Version":"v1"}
{"Name":"WorkerQueueManagement","HostName":"CCASERGIOCP","ApiKey":"N/A","Uri":"N/A","ResponseCode":0,"ResponseTime":5,"Ip":null,"Level":10,"Message":"Iniciando servicio de consola Worker","DateTime":"2023-08-09 10:53:08","Version":"v1"}
{"Name":"WorkerQueueManagement","HostName":"CCASERGIOCP","ApiKey":"N/A","Uri":"N/A","ResponseCode":0,"ResponseTime":98,"Ip":null,"Level":10,"Message":"Iniciando servicio de consola Worker","DateTime":"2023-08-09 11:07:29","Version":"v1"}
{"Name":"WorkerQueueManagement","HostName":"CCASERGIOCP","ApiKey":"N/A","Uri":"N/A","ResponseCode":0,"ResponseTime":444,"Ip":null,"Level":10,"Message":"Iniciando servicio de consola Worker","DateTime":"2023-08-09 11:15:32","Version":"v1"}
{"Name":"WorkerQueueManagement","HostName":"CCASERGIOCP","ApiKey":"N/A","Uri":"N/A","ResponseCode":0,"ResponseTime":669,"Ip":null,"Level":10,"Message":"Iniciando servicio de consola Worker","DateTime":"2023-08-09 11:26:53","Version":"v1"}
{"Name":"WorkerQueueManagement","HostName":"CCASERGIOCP","ApiKey":"N/A","Uri":"N/A","ResponseCode":0,"ResponseTime":304,"Ip":null,"Level":10,"Message":"Iniciando servicio de consola Worker","DateTime":"2023-08-09 11:30:26","Version":"v1"}
{"Name":"WorkerQueueManagement","HostName":"CCASERGIOCP","ApiKey":"N/A","Uri":"N/A","ResponseCode":0,"ResponseTime":414,"Ip":null,"Level":10,"Message":"Iniciando servicio de consola Worker","DateTime":"2023-08-09 11:32:18","Version":"v1"}
{"Name":"WorkerQueueManagement","HostName":"CCASERGIOCP","ApiKey":"N/A","Uri":"N/A","ResponseCode":0,"ResponseTime":388,"Ip":null,"Level":10,"Message":"Iniciando servicio de consola Worker","DateTime":"2023-08-09 11:38:59","Version":"v1"}
{"Name":"WorkerQueueManagement","HostName":"CCASERGIOCP","ApiKey":"N/A","Uri":"N/A","ResponseCode":201,"ResponseTime":316,"Ip":null,"Level":20,"Message":"Se registro la solicitud con el n\u00FAmero de carne 20230001","DateTime":"2023-08-09 11:39:07","Version":"v1"}
{"Name":"WorkerQueueManagement","HostName":"CCASERGIOCP","ApiKey":"N/A","Uri":"N/A","ResponseCode":201,"ResponseTime":975,"Ip":null,"Level":20,"Message":"Se registro la solicitud con el n\u00FAmero de expediente EXP-20230001","DateTime":"2023-08-09 12:11:33","Version":"v1"}
{"Name":"WorkerQueueManagement","HostName":"CCASERGIOCP","ApiKey":"N/A","Uri":"N/A","ResponseCode":201,"ResponseTime":130,"Ip":null,"Level":20,"Message":"Se registro la solicitud con el n\u00FAmero de carne 20230001","DateTime":"2023-08-09 12:14:38","Version":"v1"}
{"Name":"WorkerQueueManagement","HostName":"CCASERGIOCP","ApiKey":"N/A","Uri":"N/A","ResponseCode":201,"ResponseTime":15,"Ip":null,"Level":20,"Message":"Se registro la solicitud con el n\u00FAmero de expediente EXP-20230001","DateTime":"2023-08-09 02:26:45","Version":"v1"}
{"Name":"WorkerQueueManagement","HostName":"CCASERGIOCP","ApiKey":"N/A","Uri":"N/A","ResponseCode":201,"ResponseTime":478,"Ip":null,"Level":20,"Message":"Se registro la solicitud con el n\u00FAmero de expediente EXP-20230001","DateTime":"2023-08-09 03:18:05","Version":"v1"}
{"Name":"WorkerQueueManagement","HostName":"CCASERGIOCP","ApiKey":"N/A","Uri":"N/A","ResponseCode":201,"ResponseTime":425,"Ip":null,"Level":20,"Message":"Se registro la solicitud con el n\u00FAmero de carne 20230001","DateTime":"2023-08-09 03:19:37","Version":"v1"}
{"Name":"WorkerQueueManagement","HostName":"CCASERGIOCP","ApiKey":"N/A","Uri":"N/A","ResponseCode":201,"ResponseTime":30,"Ip":null,"Level":20,"Message":"Se registro la solicitud con el n\u00FAmero de expediente EXP-20230001","DateTime":"2023-08-09 03:29:35","Version":"v1"}
{"Name":"WorkerQueueManagement","HostName":"CCASERGIOCP","ApiKey":"N/A","Uri":"N/A","ResponseCode":201,"ResponseTime":892,"Ip":null,"Level":20,"Message":"Se registro la solicitud con el n\u00FAmero de carne 20230001","DateTime":"2023-08-09 03:30:30","Version":"v1"}
{"Name":"WorkerQueueManagement","HostName":"CCASERGIOCP","ApiKey":"N/A","Uri":"N/A","ResponseCode":0,"ResponseTime":992,"Ip":null,"Level":10,"Message":"Iniciando servicio de consola Worker","DateTime":"2023-08-11 02:37:27","Version":"v1"}
{"Name":"WorkerQueueManagement","HostName":"CCASERGIOCP","ApiKey":"N/A","Uri":"N/A","ResponseCode":0,"ResponseTime":781,"Ip":null,"Level":10,"Message":"Iniciando servicio de consola Worker","DateTime":"2023-08-14 11:37:35","Version":"v1"}
{"Name":"WorkerQueueManagement","HostName":"CCASERGIOCP","ApiKey":"N/A","Uri":"N/A","ResponseCode":0,"ResponseTime":770,"Ip":null,"Level":10,"Message":"Iniciando servicio de consola Worker","DateTime":"2023-08-15 10:20:24","Version":"v1"}
{"Name":"WorkerQueueManagement","HostName":"CCASERGIOCP","ApiKey":"N/A","Uri":"N/A","ResponseCode":201,"ResponseTime":963,"Ip":null,"Level":20,"Message":"Se registro la solicitud con el n\u00FAmero de expediente EXP-20230001","DateTime":"2023-08-15 11:34:57","Version":"v1"}
{"Name":"WorkerQueueManagement","HostName":"CCASERGIOCP","ApiKey":"N/A","Uri":"N/A","ResponseCode":201,"ResponseTime":655,"Ip":null,"Level":20,"Message":"Se registro la solicitud con el n\u00FAmero de expediente EXP-20230001","DateTime":"2023-08-15 11:41:16","Version":"v1"}
{"Name":"WorkerQueueManagement","HostName":"CCASERGIOCP","ApiKey":"N/A","Uri":"N/A","ResponseCode":201,"ResponseTime":978,"Ip":null,"Level":20,"Message":"Se registro la solicitud con el n\u00FAmero de carne 0","DateTime":"2023-08-15 11:59:12","Version":"v1"}
{"Name":"WorkerQueueManagement","HostName":"CCASERGIOCP","ApiKey":"N/A","Uri":"N/A","ResponseCode":201,"ResponseTime":782,"Ip":null,"Level":20,"Message":"Se registro la solicitud con el n\u00FAmero de expediente EXP-20230001","DateTime":"2023-08-15 12:02:36","Version":"v1"}
{"Name":"WorkerQueueManagement","HostName":"CCASERGIOCP","ApiKey":"N/A","Uri":"N/A","ResponseCode":201,"ResponseTime":807,"Ip":null,"Level":20,"Message":"Se registro la solicitud con el n\u00FAmero de carne 20230001","DateTime":"2023-08-15 12:03:40","Version":"v1"}
{"Name":"WorkerQueueManagement","HostName":"CCASERGIOCP","ApiKey":"N/A","Uri":"N/A","ResponseCode":201,"ResponseTime":29,"Ip":null,"Level":20,"Message":"Se registro la solicitud con el n\u00FAmero de expediente EXP-20230001","DateTime":"2023-08-15 12:10:39","Version":"v1"}
{"Name":"WorkerQueueManagement","HostName":"CCASERGIOCP","ApiKey":"N/A","Uri":"N/A","ResponseCode":201,"ResponseTime":418,"Ip":null,"Level":20,"Message":"Se registro la solicitud con el n\u00FAmero de carne 20230001","DateTime":"2023-08-15 02:03:29","Version":"v1"}
{"Name":"WorkerQueueManagement","HostName":"CCASERGIOCP","ApiKey":"N/A","Uri":"N/A","ResponseCode":201,"ResponseTime":995,"Ip":null,"Level":20,"Message":"Se registro la solicitud con el n\u00FAmero de expediente EXP-20230001","DateTime":"2023-08-15 03:13:26","Version":"v1"}
{"Name":"WorkerQueueManagement","HostName":"CCASERGIOCP","ApiKey":"N/A","Uri":"N/A","ResponseCode":201,"ResponseTime":468,"Ip":null,"Level":20,"Message":"Se registro la solicitud con el n\u00FAmero de carne 20230001","DateTime":"2023-08-15 03:24:35","Version":"v1"}
{"Name":"WorkerQueueManagement","HostName":"CCASERGIOCP","ApiKey":"N/A","Uri":"N/A","ResponseCode":0,"ResponseTime":978,"Ip":null,"Level":10,"Message":"Iniciando servicio de consola Worker","DateTime":"2023-08-16 04:47:36","Version":"v1"}
{"Name":"WorkerQueueManagement","HostName":"CCASERGIOCP","ApiKey":"N/A","Uri":"N/A","ResponseCode":201,"ResponseTime":943,"Ip":null,"Level":20,"Message":"Se registro la solicitud con el n\u00FAmero de expediente EXP-20230001","DateTime":"2023-08-16 05:54:36","Version":"v1"}
{"Name":"WorkerQueueManagement","HostName":"CCASERGIOCP","ApiKey":"N/A","Uri":"N/A","ResponseCode":201,"ResponseTime":132,"Ip":null,"Level":20,"Message":"Se registro la solicitud con el n\u00FAmero de carne 20230001","DateTime":"2023-08-16 05:58:05","Version":"v1"}
